2020-12-21 13:46:15.525 - INFO - 84113 - azureml.train.automl._azureautomlclient.modify_run_configuration:199 - Package azureml-train-automl missing from dependencies file.
2020-12-21 13:46:15.525 - INFO - 84113 - azureml.train.automl._azureautomlclient.modify_run_configuration:205 - Using pinned version: azureml-train-automl==1.18.0.*
2020-12-21 13:46:15.525 - INFO - 84113 - azureml.train.automl._azureautomlclient.modify_run_configuration:199 - Package pandas missing from dependencies file.
2020-12-21 13:46:15.525 - INFO - 84113 - azureml.train.automl._azureautomlclient.modify_run_configuration:205 - Using pinned version: pandas==0.25.1
2020-12-21 13:46:15.526 - INFO - 84113 - azureml.train.automl._azureautomlclient.modify_run_configuration:199 - Package psutil missing from dependencies file.
2020-12-21 13:46:15.526 - INFO - 84113 - azureml.train.automl._azureautomlclient.modify_run_configuration:205 - Using pinned version: psutil>5.0.0,<6.0.0
2020-12-21 13:46:15.527 - INFO - 84113 - azureml.train.automl._azureautomlclient.modify_run_configuration:199 - Package scikit-learn missing from dependencies file.
2020-12-21 13:46:15.528 - INFO - 84113 - azureml.train.automl._azureautomlclient.modify_run_configuration:205 - Using pinned version: scikit-learn==0.22.1
2020-12-21 13:46:15.529 - INFO - 84113 - azureml.train.automl._azureautomlclient.modify_run_configuration:199 - Package numpy missing from dependencies file.
2020-12-21 13:46:15.529 - INFO - 84113 - azureml.train.automl._azureautomlclient.modify_run_configuration:205 - Using pinned version: numpy~=1.18.0
2020-12-21 13:46:15.529 - INFO - 84113 - azureml.train.automl._azureautomlclient.modify_run_configuration:199 - Package py-xgboost missing from dependencies file.
2020-12-21 13:46:15.529 - INFO - 84113 - azureml.train.automl._azureautomlclient.modify_run_configuration:205 - Using pinned version: py-xgboost<=0.90
2020-12-21 13:46:15.530 - INFO - 84113 - azureml.train.automl._azureautomlclient.modify_run_configuration:199 - Package inference-schema missing from dependencies file.
2020-12-21 13:46:15.540 - INFO - 84113 - azureml.train.automl._azureautomlclient.modify_run_configuration:199 - Package fbprophet missing from dependencies file.
2020-12-21 13:46:15.540 - INFO - 84113 - azureml.train.automl._azureautomlclient.modify_run_configuration:205 - Using pinned version: fbprophet==0.5
2020-12-21 13:46:15.541 - INFO - 84113 - azureml.train.automl._azureautomlclient.modify_run_configuration:199 - Package setuptools-git missing from dependencies file.
2020-12-21 13:46:15.559 - INFO - 84113 - azureml.automl.core.dataset_utilities._save_datasets_to_json:148 - JSON serialization of input of type <class 'NoneType'> is un-supported.
2020-12-21 13:46:15.560 - INFO - 84113 - azureml.train.automl._azureautomlclient._validate_input:625 - Start data validation.
2020-12-21 13:46:15.573 - CRITICAL - 84113 - azureml.train.automl._azureautomlclient.log_traceback:222 - Type: Unclassified
Class: ValueError
Message: experiment_id should not be None.
Traceback:
  File "_azureautomlclient.py", line 632, in _validate_input
    validation_results = self._jasmine_client.post_validate_service(parent_run_dto)
  File "jasmine_client.py", line 59, in post_validate_service
    self._client.jasmine.validate_run_input, create_parent_run_dto)
  File "experiment_client.py", line 261, in _execute_with_experimentid_arguments
    raise ValueError("experiment_id should not be None.")

ExceptionTarget: Unspecified
2020-12-21 13:46:15.574 - WARNING - 84113 - azureml.train.automl._azureautomlclient._validate_input:640 - Validation service meet exceptions, continue training now.
2020-12-21 14:57:11.810 - INFO - 84113 - azureml.automl.runtime.distributed.utilities.horovod_initialized:58 - Horovod not found in current environment. Distribution via Horovod will be disabled.
2020-12-21 14:57:12.321 - INFO - 84113 - azureml.automl.runtime.featurization.data_transformer._logger_wrapper:81 - Feature sweeping enabled: False
2020-12-21 14:57:12.321 - INFO - 84113 - azureml.automl.runtime.featurization.data_transformer._logger_wrapper:81 - Feature sweeping timeout: 86400
2020-12-21 14:57:12.323 - INFO - 84113 - azureml.automl.runtime.featurization.data_transformer._logger_wrapper:81 - Feature sweeping enabled: False
2020-12-21 14:57:12.323 - INFO - 84113 - azureml.automl.runtime.featurization.data_transformer._logger_wrapper:81 - Feature sweeping timeout: 86400
2020-12-21 15:25:05.379 - INFO - 84113 - azureml.automl.runtime.featurization.data_transformer._logger_wrapper:81 - Feature sweeping enabled: False
2020-12-21 15:25:05.380 - INFO - 84113 - azureml.automl.runtime.featurization.data_transformer._logger_wrapper:81 - Feature sweeping timeout: 86400
2020-12-21 15:25:05.384 - INFO - 84113 - azureml.automl.runtime.featurization.data_transformer._logger_wrapper:81 - Feature sweeping enabled: False
2020-12-21 15:25:05.385 - INFO - 84113 - azureml.automl.runtime.featurization.data_transformer._logger_wrapper:81 - Feature sweeping timeout: 86400
2020-12-21 15:29:45.097 - INFO - 84113 - azureml.automl.runtime.featurization.data_transformer._logger_wrapper:81 - Feature sweeping enabled: False
2020-12-21 15:29:45.097 - INFO - 84113 - azureml.automl.runtime.featurization.data_transformer._logger_wrapper:81 - Feature sweeping timeout: 86400
2020-12-21 15:29:45.101 - INFO - 84113 - azureml.automl.runtime.featurization.data_transformer._logger_wrapper:81 - Feature sweeping enabled: False
2020-12-21 15:29:45.102 - INFO - 84113 - azureml.automl.runtime.featurization.data_transformer._logger_wrapper:81 - Feature sweeping timeout: 86400
2020-12-21 16:16:35.098 - INFO - 84113 - azureml.automl.runtime.featurization.data_transformer._logger_wrapper:81 - Feature sweeping enabled: False
2020-12-21 16:16:35.099 - INFO - 84113 - azureml.automl.runtime.featurization.data_transformer._logger_wrapper:81 - Feature sweeping timeout: 86400
2020-12-21 16:16:35.114 - INFO - 84113 - azureml.automl.runtime.featurization.data_transformer._logger_wrapper:81 - Feature sweeping enabled: False
2020-12-21 16:16:35.115 - INFO - 84113 - azureml.automl.runtime.featurization.data_transformer._logger_wrapper:81 - Feature sweeping timeout: 86400
